2024-12-27 14:55:22.294  INFO 19988 --- [restartedMain] com.pactosolucoes.rh.RhApplication       : Starting RhApplication on Z465999 with PID 19988 (C:\Users\gabrielgeraldo\git\pactosolucoes\rh\target\classes started by gabrielgeraldo in C:\Users\gabrielgeraldo\git\pactosolucoes\rh)
2024-12-27 14:55:22.334  INFO 19988 --- [restartedMain] com.pactosolucoes.rh.RhApplication       : No active profile set, falling back to default profiles: default
2024-12-27 14:55:22.660  INFO 19988 --- [restartedMain] o.s.b.devtools.restart.ChangeableUrls    : The Class-Path manifest attribute in C:\Users\gabrielgeraldo\.m2\repository\org\glassfish\jaxb\jaxb-runtime\2.3.2\jaxb-runtime-2.3.2.jar referenced one or more files that do not exist: file:/C:/Users/gabrielgeraldo/.m2/repository/org/glassfish/jaxb/jaxb-runtime/2.3.2/jakarta.xml.bind-api-2.3.2.jar,file:/C:/Users/gabrielgeraldo/.m2/repository/org/glassfish/jaxb/jaxb-runtime/2.3.2/txw2-2.3.2.jar,file:/C:/Users/gabrielgeraldo/.m2/repository/org/glassfish/jaxb/jaxb-runtime/2.3.2/istack-commons-runtime-3.0.8.jar,file:/C:/Users/gabrielgeraldo/.m2/repository/org/glassfish/jaxb/jaxb-runtime/2.3.2/stax-ex-1.8.1.jar,file:/C:/Users/gabrielgeraldo/.m2/repository/org/glassfish/jaxb/jaxb-runtime/2.3.2/FastInfoset-1.2.16.jar,file:/C:/Users/gabrielgeraldo/.m2/repository/org/glassfish/jaxb/jaxb-runtime/2.3.2/jakarta.activation-api-1.2.1.jar
2024-12-27 14:55:22.662  INFO 19988 --- [restartedMain] .e.DevToolsPropertyDefaultsPostProcessor : Devtools property defaults active! Set 'spring.devtools.add-properties' to 'false' to disable
2024-12-27 14:55:22.663  INFO 19988 --- [restartedMain] .e.DevToolsPropertyDefaultsPostProcessor : For additional web related logging consider setting the 'logging.level.web' property to 'DEBUG'
2024-12-27 14:55:25.246  INFO 19988 --- [restartedMain] .s.d.r.c.RepositoryConfigurationDelegate : Bootstrapping Spring Data JPA repositories in DEFAULT mode.
2024-12-27 14:55:25.413  INFO 19988 --- [restartedMain] .s.d.r.c.RepositoryConfigurationDelegate : Finished Spring Data repository scanning in 152ms. Found 3 JPA repository interfaces.
2024-12-27 14:55:26.291  INFO 19988 --- [restartedMain] trationDelegate$BeanPostProcessorChecker : Bean 'org.springframework.transaction.annotation.ProxyTransactionManagementConfiguration' of type [org.springframework.transaction.annotation.ProxyTransactionManagementConfiguration] is not eligible for getting processed by all BeanPostProcessors (for example: not eligible for auto-proxying)
2024-12-27 14:55:27.426  INFO 19988 --- [restartedMain] o.s.b.w.embedded.tomcat.TomcatWebServer  : Tomcat initialized with port(s): 8080 (http)
2024-12-27 14:55:27.462  INFO 19988 --- [restartedMain] o.apache.catalina.core.StandardService   : Starting service [Tomcat]
2024-12-27 14:55:27.463  INFO 19988 --- [restartedMain] org.apache.catalina.core.StandardEngine  : Starting Servlet engine: [Apache Tomcat/9.0.29]
2024-12-27 14:55:27.745  INFO 19988 --- [restartedMain] o.a.c.c.C.[Tomcat].[localhost].[/]       : Initializing Spring embedded WebApplicationContext
2024-12-27 14:55:27.746  INFO 19988 --- [restartedMain] o.s.web.context.ContextLoader            : Root WebApplicationContext: initialization completed in 5081 ms
2024-12-27 14:55:27.876  WARN 19988 --- [restartedMain] JpaBaseConfiguration$JpaWebConfiguration : spring.jpa.open-in-view is enabled by default. Therefore, database queries may be performed during view rendering. Explicitly configure spring.jpa.open-in-view to disable this warning
2024-12-27 14:55:28.210  INFO 19988 --- [restartedMain] o.hibernate.jpa.internal.util.LogHelper  : HHH000204: Processing PersistenceUnitInfo [name: default]
2024-12-27 14:55:28.474  INFO 19988 --- [restartedMain] org.hibernate.Version                    : HHH000412: Hibernate Core {5.4.9.Final}
2024-12-27 14:55:28.870  INFO 19988 --- [restartedMain] o.hibernate.annotations.common.Version   : HCANN000001: Hibernate Commons Annotations {5.1.0.Final}
2024-12-27 14:55:29.162  INFO 19988 --- [restartedMain] com.zaxxer.hikari.HikariDataSource       : HikariPool-1 - Starting...
2024-12-27 14:55:30.445  INFO 19988 --- [restartedMain] com.zaxxer.hikari.HikariDataSource       : HikariPool-1 - Start completed.
2024-12-27 14:55:30.478  INFO 19988 --- [restartedMain] org.hibernate.dialect.Dialect            : HHH000400: Using dialect: org.hibernate.dialect.PostgreSQL94Dialect
2024-12-27 14:55:32.799  INFO 19988 --- [restartedMain] o.h.e.t.j.p.i.JtaPlatformInitiator       : HHH000490: Using JtaPlatform implementation: [org.hibernate.engine.transaction.jta.platform.internal.NoJtaPlatform]
2024-12-27 14:55:32.812  INFO 19988 --- [restartedMain] j.LocalContainerEntityManagerFactoryBean : Initialized JPA EntityManagerFactory for persistence unit 'default'
2024-12-27 14:55:33.848  INFO 19988 --- [restartedMain] o.s.b.a.h2.H2ConsoleAutoConfiguration    : H2 console available at '/h2-console'. Database available at 'jdbc:postgresql://localhost:5432/pactosolucoes'
2024-12-27 14:55:34.022  INFO 19988 --- [restartedMain] o.s.b.d.a.OptionalLiveReloadServer       : LiveReload server is running on port 35729
2024-12-27 14:55:34.897  INFO 19988 --- [restartedMain] o.s.s.web.DefaultSecurityFilterChain     : Creating filter chain: any request, [org.springframework.security.web.context.request.async.WebAsyncManagerIntegrationFilter@407b6514, org.springframework.security.web.context.SecurityContextPersistenceFilter@50ff3eab, org.springframework.security.web.header.HeaderWriterFilter@2aa02d3, org.springframework.security.web.authentication.logout.LogoutFilter@6228ce0b, com.pactosolucoes.rh.api.JwtTokenFilter@5b0a6da9, org.springframework.security.web.savedrequest.RequestCacheAwareFilter@7dbb0fa3, org.springframework.security.web.servletapi.SecurityContextHolderAwareRequestFilter@287e8678, org.springframework.security.web.authentication.AnonymousAuthenticationFilter@609e97b1, org.springframework.security.web.session.SessionManagementFilter@533f8e38, org.springframework.security.web.access.ExceptionTranslationFilter@21e4c676, org.springframework.security.web.access.intercept.FilterSecurityInterceptor@6f95f3b5]
2024-12-27 14:55:36.156  INFO 19988 --- [restartedMain] o.s.b.w.embedded.tomcat.TomcatWebServer  : Tomcat started on port(s): 8080 (http) with context path ''
2024-12-27 14:55:36.182  INFO 19988 --- [restartedMain] com.pactosolucoes.rh.RhApplication       : Started RhApplication in 15.041 seconds (JVM running for 17.14)
2024-12-27 15:03:28.228  INFO 19988 --- [http-nio-8080-exec-1] o.a.c.c.C.[Tomcat].[localhost].[/]       : Initializing Spring DispatcherServlet 'dispatcherServlet'
2024-12-27 15:03:28.229  INFO 19988 --- [http-nio-8080-exec-1] o.s.web.servlet.DispatcherServlet        : Initializing Servlet 'dispatcherServlet'
2024-12-27 15:03:28.245  INFO 19988 --- [http-nio-8080-exec-1] o.s.web.servlet.DispatcherServlet        : Completed initialization in 14 ms
